<?xml version="1.0" encoding="UTF-8"?>
<!-- Generated by org.testng.reporters.JUnitXMLReporter -->
<testsuite ignored="1" hostname="Risp" failures="0" tests="1" name="Default test" time="29.762" errors="0" timestamp="2024-11-25T23:32:53 IST">
  <testcase classname="php.ecomm.AdminTest.AdminOrdersTest" name="manageTodayPendingOrder" time="26.053"/>
  <testcase classname="php.ecomm.AdminTest.AdminOrdersTest" name="changeOrderStatus" time="0.0">
    <ignored/>
  </testcase> <!-- changeOrderStatus -->
</testsuite> <!-- Default test -->
