<?xml version="1.0" encoding="UTF-8"?>
<!-- Generated by org.testng.reporters.JUnitXMLReporter -->
<testsuite ignored="0" hostname="Risp" failures="0" tests="3" name="Test4" time="91.562" errors="0" timestamp="2024-11-25T23:34:38 IST">
  <testcase classname="php.ecom.UserTest.ProductOrderTest" name="addNewProductFromProductDetailsPageTest" time="26.425"/>
  <testcase classname="php.ecom.UserTest.ProductOrderTest" name="placeAnOrderForProductByCod" time="34.684"/>
  <testcase classname="php.ecom.UserTest.ProductOrderTest" name="placeAnOrderForProductByInternetBanking" time="22.81"/>
</testsuite> <!-- Test4 -->
